\BOOKMARK [0][-]{dummy.1}{\376\377\000A\000B\000S\000T\000R\000A\000C\000T}{}% 1
\BOOKMARK [0][-]{dummy.3}{\376\377\000L\000I\000S\000T\000\040\000O\000F\000\040\000T\000A\000B\000L\000E\000S}{}% 2
\BOOKMARK [0][-]{dummy.5}{\376\377\000L\000I\000S\000T\000\040\000O\000F\000\040\000F\000I\000G\000U\000R\000E\000S}{}% 3
\BOOKMARK [0][-]{chapter.7}{\376\377\0001\000\040\000I\000N\000T\000R\000O\000D\000U\000C\000T\000I\000O\000N}{}% 4
\BOOKMARK [0][-]{chapter.8}{\376\377\0002\000\040\000B\000A\000C\000K\000G\000R\000O\000U\000N\000D\000\040\000A\000N\000D\000\040\000M\000O\000T\000I\000V\000A\000T\000I\000O\000N}{}% 5
\BOOKMARK [1][-]{section.9}{\376\377\0002\000.\0001\000\040\000R\000E\000I\000N\000F\000O\000R\000C\000E\000M\000E\000N\000T\000\040\000L\000E\000A\000R\000N\000I\000N\000G}{chapter.8}% 6
\BOOKMARK [2][-]{subsection.11}{\376\377\0002\000.\0001\000.\0001\000\040\000D\000E\000E\000P\000\040\000R\000E\000I\000N\000F\000O\000R\000C\000E\000M\000E\000N\000T\000\040\000L\000E\000A\000R\000N\000I\000N\000G}{section.9}% 7
\BOOKMARK [1][-]{section.13}{\376\377\0002\000.\0002\000\040\000T\000R\000A\000N\000S\000F\000E\000R\000\040\000L\000E\000A\000R\000N\000I\000N\000G}{chapter.8}% 8
\BOOKMARK [1][-]{section.15}{\376\377\0002\000.\0003\000\040\000A\000D\000V\000E\000R\000S\000A\000R\000I\000A\000L\000\040\000T\000R\000A\000I\000N\000I\000N\000G}{chapter.8}% 9
\BOOKMARK [1][-]{section.17}{\376\377\0002\000.\0004\000\040\000U\000N\000I\000T\000Y}{chapter.8}% 10
\BOOKMARK [0][-]{chapter.18}{\376\377\0003\000\040\000L\000I\000T\000E\000R\000A\000T\000U\000R\000E\000\040\000S\000U\000R\000V\000E\000Y}{}% 11
\BOOKMARK [1][-]{section.19}{\376\377\0003\000.\0001\000\040\000R\000E\000I\000N\000F\000O\000R\000C\000E\000M\000E\000N\000T\000\040\000L\000E\000A\000R\000N\000I\000N\000G}{chapter.18}% 12
\BOOKMARK [1][-]{section.20}{\376\377\0003\000.\0002\000\040\000D\000E\000E\000P\000\040\000R\000E\000I\000N\000F\000O\000R\000C\000E\000M\000E\000N\000T\000\040\000L\000E\000A\000R\000N\000I\000N\000G}{chapter.18}% 13
\BOOKMARK [1][-]{section.21}{\376\377\0003\000.\0003\000\040\000T\000R\000A\000N\000S\000F\000E\000R\000\040\000L\000E\000A\000R\000N\000I\000N\000G}{chapter.18}% 14
\BOOKMARK [1][-]{section.22}{\376\377\0003\000.\0004\000\040\000A\000D\000V\000E\000R\000S\000A\000R\000I\000A\000L\000\040\000A\000T\000T\000A\000C\000K\000\040\000\046\000\040\000T\000R\000A\000I\000N\000I\000N\000G}{chapter.18}% 15
\BOOKMARK [1][-]{section.23}{\376\377\0003\000.\0005\000\040\000U\000N\000I\000T\000Y\000\040\000M\000L\000\040\000A\000G\000E\000N\000T\000S}{chapter.18}% 16
\BOOKMARK [0][-]{chapter.24}{\376\377\0004\000\040\000S\000Y\000S\000T\000E\000M\000\040\000A\000R\000C\000H\000I\000T\000E\000C\000T\000U\000R\000E}{}% 17
\BOOKMARK [1][-]{section.25}{\376\377\0004\000.\0001\000\040\000E\000N\000V\000I\000R\000O\000N\000M\000E\000N\000T}{chapter.24}% 18
\BOOKMARK [2][-]{subsection.26}{\376\377\0004\000.\0001\000.\0001\000\040\000R\000E\000W\000A\000R\000D\000\040\000S\000C\000H\000E\000M\000E}{section.25}% 19
\BOOKMARK [1][-]{section.33}{\376\377\0004\000.\0002\000\040\000A\000G\000E\000N\000T}{chapter.24}% 20
\BOOKMARK [2][-]{subsection.34}{\376\377\0004\000.\0002\000.\0001\000\040\000A\000c\000t\000o\000r\000-\000C\000r\000i\000t\000i\000c\000\040\000M\000e\000t\000h\000o\000d\000s}{section.33}% 21
\BOOKMARK [2][-]{subsection.36}{\376\377\0004\000.\0002\000.\0002\000\040\000P\000r\000o\000x\000i\000m\000a\000l\000\040\000P\000o\000l\000i\000c\000y\000\040\000O\000p\000t\000i\000m\000i\000z\000a\000t\000i\000o\000n}{section.33}% 22
\BOOKMARK [2][-]{subsection.42}{\376\377\0004\000.\0002\000.\0003\000\040\000A\000L\000G\000O\000R\000I\000T\000H\000M\000:\000\040\000P\000P\000O}{section.33}% 23
\BOOKMARK [1][-]{section.44}{\376\377\0004\000.\0003\000\040\000A\000G\000E\000N\000T\000\040\000I\000N\000P\000U\000T\000S}{chapter.24}% 24
\BOOKMARK [1][-]{section.46}{\376\377\0004\000.\0004\000\040\000T\000R\000A\000N\000S\000F\000E\000R\000\040\000L\000E\000A\000R\000N\000I\000N\000G}{chapter.24}% 25
\BOOKMARK [1][-]{section.47}{\376\377\0004\000.\0005\000\040\000A\000D\000V\000E\000R\000S\000A\000R\000I\000A\000L\000\040\000T\000R\000A\000I\000N\000I\000N\000G}{chapter.24}% 26
\BOOKMARK [2][-]{subsection.48}{\376\377\0004\000.\0005\000.\0001\000\040\000A\000t\000t\000a\000c\000k\000\040\000o\000n\000\040\000O\000b\000s\000e\000r\000v\000a\000t\000i\000o\000n}{section.47}% 27
\BOOKMARK [2][-]{subsection.50}{\376\377\0004\000.\0005\000.\0002\000\040\000A\000t\000t\000a\000c\000k\000\040\000o\000n\000\040\000A\000c\000t\000i\000o\000n\000\040\000S\000p\000a\000c\000e}{section.47}% 28
\BOOKMARK [0][-]{chapter.52}{\376\377\0005\000\040\000E\000X\000P\000E\000R\000I\000M\000E\000N\000T\000A\000L\000\040\000S\000E\000T\000U\000P}{}% 29
\BOOKMARK [1][-]{section.53}{\376\377\0005\000.\0001\000\040\000T\000R\000A\000C\000K\000\040\000C\000O\000M\000P\000L\000E\000X\000I\000T\000Y\000\040\000M\000E\000A\000S\000U\000R\000E}{chapter.52}% 30
\BOOKMARK [2][-]{subsection.58}{\376\377\0005\000.\0001\000.\0001\000\040\000C\000h\000i\000c\000a\000n\000e\000s}{section.53}% 31
\BOOKMARK [2][-]{subsection.60}{\376\377\0005\000.\0001\000.\0002\000\040\000S\000h\000a\000r\000p\000\040\000T\000u\000r\000n\000s\000\040\000\046\000\040\000S\000w\000e\000e\000p\000i\000n\000g\000\040\000T\000u\000r\000n\000s}{section.53}% 32
\BOOKMARK [2][-]{subsection.62}{\376\377\0005\000.\0001\000.\0003\000\040\000D\000i\000s\000t\000a\000n\000c\000e}{section.53}% 33
\BOOKMARK [2][-]{subsection.63}{\376\377\0005\000.\0001\000.\0004\000\040\000C\000o\000m\000p\000u\000t\000i\000n\000g\000\040\000C\000o\000m\000p\000l\000e\000x\000i\000t\000y}{section.53}% 34
\BOOKMARK [1][-]{section.65}{\376\377\0005\000.\0002\000\040\000B\000A\000S\000I\000C\000\040\000T\000R\000A\000C\000K\000S}{chapter.52}% 35
\BOOKMARK [1][-]{section.68}{\376\377\0005\000.\0003\000\040\000C\000O\000M\000P\000L\000E\000X\000\040\000T\000R\000A\000C\000K\000S}{chapter.52}% 36
\BOOKMARK [1][-]{section.73}{\376\377\0005\000.\0004\000\040\000M\000L\000\040\000A\000G\000E\000N\000T\000S}{chapter.52}% 37
\BOOKMARK [1][-]{section.75}{\376\377\0005\000.\0005\000\040\000P\000P\000O\000\040\000N\000E\000T\000W\000O\000R\000K\000\040\000\046\000\040\000H\000Y\000P\000E\000R\000-\000P\000A\000R\000A\000M\000E\000T\000E\000R\000S}{chapter.52}% 38
\BOOKMARK [0][-]{chapter.77}{\376\377\0006\000\040\000P\000E\000R\000F\000O\000R\000M\000A\000N\000C\000E\000\040\000A\000N\000A\000L\000Y\000S\000I\000S}{}% 39
\BOOKMARK [1][-]{section.78}{\376\377\0006\000.\0001\000\040\000P\000H\000A\000S\000E\000\040\000I\000\040\000-\000\040\000B\000A\000S\000E\000L\000I\000N\000E\000\040\000P\000E\000R\000F\000O\000R\000M\000A\000N\000C\000E}{chapter.77}% 40
\BOOKMARK [2][-]{subsection.79}{\376\377\0006\000.\0001\000.\0001\000\040\000O\000v\000a\000l\000\040\000T\000r\000a\000c\000k\000\040\000-\000\040\000B\000a\000s\000i\000c\000\040\000T\000r\000a\000c\000k}{section.78}% 41
\BOOKMARK [2][-]{subsection.82}{\376\377\0006\000.\0001\000.\0002\000\040\000O\000n\000e\000\040\000K\000i\000n\000k\000\040\000T\000r\000a\000c\000k}{section.78}% 42
\BOOKMARK [2][-]{subsection.85}{\376\377\0006\000.\0001\000.\0003\000\040\000T\000w\000o\000\040\000K\000i\000n\000k\000\040\000T\000r\000a\000c\000k}{section.78}% 43
\BOOKMARK [2][-]{subsection.88}{\376\377\0006\000.\0001\000.\0004\000\040\000B\000a\000r\000c\000e\000l\000o\000n\000a}{section.78}% 44
\BOOKMARK [2][-]{subsection.91}{\376\377\0006\000.\0001\000.\0005\000\040\000A\000W\000S\000\040\000T\000r\000a\000c\000k}{section.78}% 45
\BOOKMARK [1][-]{section.95}{\376\377\0006\000.\0002\000\040\000P\000H\000A\000S\000E\000\040\000I\000I\000\040\000-\000\040\000T\000R\000A\000N\000S\000F\000E\000R\000\040\000L\000E\000A\000R\000N\000I\000N\000G}{chapter.77}% 46
\BOOKMARK [2][-]{subsection.96}{\376\377\0006\000.\0002\000.\0001\000\040\000O\000n\000e\000\040\000K\000i\000n\000k\000\040\000-\000\040\000T\000w\000o\000\040\000K\000i\000n\000k\000\040\000T\000L\000\040\000P\000e\000r\000f\000o\000r\000m\000a\000n\000c\000e}{section.95}% 47
\BOOKMARK [2][-]{subsection.98}{\376\377\0006\000.\0002\000.\0002\000\040\000T\000w\000o\000\040\000K\000i\000n\000k\000\040\000-\000\040\000A\000W\000S\000\040\000T\000L\000\040\000P\000e\000r\000f\000o\000r\000m\000a\000n\000c\000e}{section.95}% 48
\BOOKMARK [1][-]{section.100}{\376\377\0006\000.\0003\000\040\000P\000H\000A\000S\000E\000\040\000I\000I\000I}{chapter.77}% 49
\BOOKMARK [2][-]{subsection.101}{\376\377\0006\000.\0003\000.\0001\000\040\000T\000r\000a\000n\000s\000f\000e\000r\000\040\000L\000e\000a\000r\000n\000i\000n\000g\000\040\000a\000f\000t\000e\000r\000\040\000A\000d\000v\000e\000r\000s\000a\000r\000i\000a\000l\000\040\000T\000r\000a\000i\000n\000i\000n\000g\000\040}{section.100}% 50
\BOOKMARK [0][-]{chapter.109}{\376\377\0007\000\040\000C\000O\000N\000C\000L\000U\000S\000I\000O\000N\000\040\000A\000N\000D\000\040\000F\000U\000T\000U\000R\000E\000\040\000W\000O\000R\000K}{}% 51
\BOOKMARK [0][-]{appendix.110}{\376\377\000A\000\040\000C\000U\000S\000T\000O\000M\000\040\000C\000H\000E\000C\000K\000P\000O\000I\000N\000T\000I\000N\000G\000\040\000S\000Y\000S\000T\000E\000M\000\040\000I\000N\000\040\000U\000N\000I\000T\000Y}{}% 52
